<?xml version="1.0" encoding="UTF-8"?>
<testsuite xmlns:xsi="http://www.w3.org/2001/XMLSchema-instance" xsi:noNamespaceSchemaLocation="https://maven.apache.org/surefire/maven-surefire-plugin/xsd/surefire-test-report.xsd" version="3.0.2" name="com.zilch.zilch_coding_challenge.ZilchCodingChallengeTest" time="20.551" tests="3" errors="1" skipped="0" failures="0">
  <properties>
[...]
</properties>
  <testcase name="Navigate to the ToolsQA Demo Book Store" classname="Zilch Coding Challenge" time="0.394">
    <system-out><![CDATA[2025-01-30T18:05:27.758521400Z main DEBUG Apache Log4j Core 2.24 initializing configuration XmlConfiguration[location=C:\Users\samle\Documents\projects\zilch_coding_challenge\target\test-classes\log4j2.xml, lastModified=2021-12-12T17:25:14.423Z]
2025-01-30T18:05:27.759446400Z main DEBUG PluginManager 'Core' found 131 plugins
2025-01-30T18:05:27.759446400Z main DEBUG PluginManager 'Level' found 0 plugins
2025-01-30T18:05:27.762444700Z main DEBUG PluginManager 'Lookup' found 16 plugins
2025-01-30T18:05:27.762444700Z main DEBUG Building Plugin[name=layout, class=org.apache.logging.log4j.core.layout.PatternLayout].
2025-01-30T18:05:27.769418600Z main DEBUG PluginManager 'TypeConverter' found 26 plugins
2025-01-30T18:05:27.779416700Z main DEBUG PatternLayout$Builder(pattern="%d{HH:mm:ss.SSS} [%t] %-5level %logger{36} - %msg%n", PatternSelector=null, Configuration(C:\Users\samle\Documents\projects\zilch_coding_challenge\target\test-classes\log4j2.xml), Replace=null, charset="null", alwaysWriteExceptions="null", disableAnsi="null", noConsoleNoAnsi="null", header="null", footer="null")
2025-01-30T18:05:27.780434200Z main DEBUG PluginManager 'Converter' found 45 plugins
2025-01-30T18:05:27.780434200Z main DEBUG Building Plugin[name=appender, class=org.apache.logging.log4j.core.appender.ConsoleAppender].
2025-01-30T18:05:27.787802500Z main DEBUG ConsoleAppender$Builder(target="SYSTEM_OUT", follow="null", direct="null", bufferedIo="null", bufferSize="null", immediateFlush="null", ignoreExceptions="null", PatternLayout(%d{HH:mm:ss.SSS} [%t] %-5level %logger{36} - %msg%n), name="Console", Configuration(C:\Users\samle\Documents\projects\zilch_coding_challenge\target\test-classes\log4j2.xml), Filter=null, ={})
2025-01-30T18:05:27.788743800Z main DEBUG Starting OutputStreamManager SYSTEM_OUT.false.false
2025-01-30T18:05:27.788743800Z main DEBUG Building Plugin[name=Appenders, class=org.apache.logging.log4j.core.config.AppendersPlugin].
2025-01-30T18:05:27.790727300Z main DEBUG createAppenders(={Console})
2025-01-30T18:05:27.790727300Z main DEBUG Building Plugin[name=AppenderRef, class=org.apache.logging.log4j.core.config.AppenderRef].
2025-01-30T18:05:27.794721700Z main DEBUG createAppenderRef(ref="Console", level="null", Filter=null)
2025-01-30T18:05:27.795822700Z main DEBUG Building Plugin[name=Root, class=org.apache.logging.log4j.core.config.LoggerConfig$RootLogger].
2025-01-30T18:05:27.797727900Z main DEBUG LoggerConfig$RootLogger$Builder(additivity="null", level="DEBUG", levelAndRefs="null", includeLocation="null", ={Console}, ={}, Configuration(C:\Users\samle\Documents\projects\zilch_coding_challenge\target\test-classes\log4j2.xml), Filter=null)
2025-01-30T18:05:27.799300200Z main DEBUG Building Plugin[name=Loggers, class=org.apache.logging.log4j.core.config.LoggersPlugin].
2025-01-30T18:05:27.799300200Z main DEBUG createLoggers(={root})
2025-01-30T18:05:27.799300200Z main DEBUG Configuration XmlConfiguration[location=C:\Users\samle\Documents\projects\zilch_coding_challenge\target\test-classes\log4j2.xml, lastModified=2021-12-12T17:25:14.423Z] initialized
2025-01-30T18:05:27.799300200Z main INFO Starting configuration XmlConfiguration[location=C:\Users\samle\Documents\projects\zilch_coding_challenge\target\test-classes\log4j2.xml, lastModified=2021-12-12T17:25:14.423Z]...
2025-01-30T18:05:27.799300200Z main INFO Start watching for changes to C:\Users\samle\Documents\projects\zilch_coding_challenge\target\test-classes\log4j2.xml every 0 seconds
2025-01-30T18:05:27.799300200Z main INFO Configuration XmlConfiguration[location=C:\Users\samle\Documents\projects\zilch_coding_challenge\target\test-classes\log4j2.xml, lastModified=2021-12-12T17:25:14.423Z] started.
2025-01-30T18:05:27.801315800Z main INFO Stopping configuration org.apache.logging.log4j.core.config.DefaultConfiguration@344f4dea...
2025-01-30T18:05:27.801315800Z main DEBUG Shutting down OutputStreamManager SYSTEM_OUT.false.false-1
2025-01-30T18:05:27.801315800Z main DEBUG OutputStream closed
2025-01-30T18:05:27.801315800Z main DEBUG Shut down OutputStreamManager SYSTEM_OUT.false.false-1, all resources released: true
2025-01-30T18:05:27.801315800Z main DEBUG Appender DefaultConsole-1 stopped with status true
2025-01-30T18:05:27.801315800Z main INFO Configuration org.apache.logging.log4j.core.config.DefaultConfiguration@344f4dea stopped.
2025-01-30T18:05:27.802339Z main DEBUG org.apache.logging.log4j.core.util.SystemClock supports precise timestamps.
2025-01-30T18:05:27.803339600Z main DEBUG Reconfiguration complete for context[name=70dea4e] at URI C:\Users\samle\Documents\projects\zilch_coding_challenge\target\test-classes\log4j2.xml (org.apache.logging.log4j.core.LoggerContext@7e3060d8) with optional ClassLoader: null
2025-01-30T18:05:27.803339600Z main DEBUG Shutdown hook enabled. Registering a new one.
2025-01-30T18:05:27.804306700Z main DEBUG LoggerContext[name=70dea4e, org.apache.logging.log4j.core.LoggerContext@7e3060d8] started OK.
]]></system-out>
    <system-err><![CDATA[Jan 30, 2025 6:05:27 PM io.cucumber.core.options.CucumberPropertiesParser lambda$warnWhenCucumberOptionsIsUsed$2
WARNING: Passing commandline options via the property 'cucumber.options' is no longer supported. Please use individual properties instead. See the java doc on io.cucumber.core.options.Constants for details.
]]></system-err>
  </testcase>
  <testcase name="Navigate to the ToolsQA Demo Web Form and fill it in" classname="Zilch Coding Challenge" time="0.001"/>
  <testcase name="Use the ToolsQA Demo Book Store API to request the status of a book" classname="Zilch Coding Challenge" time="19.733">
    <error message="Cannot invoke &quot;com.google.gson.JsonObject.get(String)&quot; because &quot;returnedObject&quot; is null" type="java.lang.NullPointerException"><![CDATA[java.lang.NullPointerException: Cannot invoke "com.google.gson.JsonObject.get(String)" because "returnedObject" is null
	at com.zilch.zilch_coding_challenge.step_definitions.StepDefinitions.theBookWillBe(StepDefinitions.java:176)
	at ✽.the book will be "Git Pocket Guide"(file:///C:/Users/samle/Documents/projects/zilch_coding_challenge/src/test/resources/features/ZilchCodingChallenge.feature:18)
]]></error>
    <system-out><![CDATA[18:05:27.907 [main] INFO  com.zilch.zilch_coding_challenge.runner.BrowserRunTime - *** Chrome Simulation(): default viewport
18:05:47.578 [main] INFO  com.zilch.zilch_coding_challenge.reporting.ReportGenerator - Size of report list is: [0]
18:05:47.578 [main] INFO  com.zilch.zilch_coding_challenge.reporting.ReportGenerator - Number of passed : [0]
18:05:47.578 [main] INFO  com.zilch.zilch_coding_challenge.reporting.ReportGenerator - Number of failed : [0]
]]></system-out>
  </testcase>
</testsuite>